Mon Jun 01 2020 15:51:57 GMT+0530 (India Standard Time) - POST - /notes 
Mon Jun 01 2020 15:52:02 GMT+0530 (India Standard Time) - POST - /notes 
Mon Jun 01 2020 15:52:06 GMT+0530 (India Standard Time) - POST - /notes 
Mon Jun 01 2020 15:52:09 GMT+0530 (India Standard Time) - POST - /notes 
Mon Jun 01 2020 15:52:12 GMT+0530 (India Standard Time) - POST - /notes 
Mon Jun 01 2020 15:52:16 GMT+0530 (India Standard Time) - POST - /notes 
Mon Jun 01 2020 15:52:43 GMT+0530 (India Standard Time) - POST - /notes 
Mon Jun 01 2020 15:53:23 GMT+0530 (India Standard Time) - POST - /notes 
Mon Jun 01 2020 15:53:39 GMT+0530 (India Standard Time) - POST - /notes 
Mon Jun 01 2020 15:53:58 GMT+0530 (India Standard Time) - POST - /getnotes 
Mon Jun 01 2020 15:54:11 GMT+0530 (India Standard Time) - POST - /notes 
Mon Jun 01 2020 15:54:31 GMT+0530 (India Standard Time) - POST - /getnotes 
Mon Jun 01 2020 15:54:36 GMT+0530 (India Standard Time) - POST - /notes 
Mon Jun 01 2020 15:54:42 GMT+0530 (India Standard Time) - POST - /getnotes 
Mon Jun 01 2020 15:55:58 GMT+0530 (India Standard Time) - POST - /notes 
Mon Jun 01 2020 15:56:08 GMT+0530 (India Standard Time) - POST - /getnotes 
Mon Jun 01 2020 15:56:52 GMT+0530 (India Standard Time) - POST - /getnotes 
Mon Jun 01 2020 15:57:13 GMT+0530 (India Standard Time) - POST - /getnotes 
Mon Jun 01 2020 16:02:15 GMT+0530 (India Standard Time) - POST - /getnotes 
Mon Jun 01 2020 16:04:15 GMT+0530 (India Standard Time) - POST - /getnotes 
Wed May 08 2024 12:23:15 GMT+0530 (India Standard Time) - POST - / 
Wed May 08 2024 12:23:51 GMT+0530 (India Standard Time) - POST - /notes 
Wed May 08 2024 12:24:05 GMT+0530 (India Standard Time) - POST - /notes 
Wed May 08 2024 16:06:07 GMT+0530 (India Standard Time) - POST - /signup 
Wed May 08 2024 16:09:56 GMT+0530 (India Standard Time) - POST - / 
Wed May 08 2024 16:10:05 GMT+0530 (India Standard Time) - POST - /signup 
Wed May 08 2024 16:40:43 GMT+0530 (India Standard Time) - POST - /signup 
Wed May 08 2024 16:55:56 GMT+0530 (India Standard Time) - POST - /signup 
Wed May 08 2024 17:03:12 GMT+0530 (India Standard Time) - POST - /signup 
Wed May 08 2024 17:04:04 GMT+0530 (India Standard Time) - POST - /signup 
Wed May 08 2024 17:04:42 GMT+0530 (India Standard Time) - POST - /signup 
Wed May 08 2024 17:05:53 GMT+0530 (India Standard Time) - GET - /signup 
Wed May 08 2024 17:05:58 GMT+0530 (India Standard Time) - GET - /signup 
Wed May 08 2024 17:06:12 GMT+0530 (India Standard Time) - GET - /signup 
Wed May 08 2024 17:06:20 GMT+0530 (India Standard Time) - GET - /signup 
Wed May 08 2024 17:08:22 GMT+0530 (India Standard Time) - POST - /signup 
Wed May 08 2024 17:09:11 GMT+0530 (India Standard Time) - POST - /login 
Wed May 08 2024 17:09:56 GMT+0530 (India Standard Time) - POST - /login 
Wed May 08 2024 17:12:13 GMT+0530 (India Standard Time) - POST - /login 
Wed May 08 2024 17:13:19 GMT+0530 (India Standard Time) - POST - /signup 
Wed May 08 2024 17:13:37 GMT+0530 (India Standard Time) - POST - /signup 
Wed May 08 2024 17:14:02 GMT+0530 (India Standard Time) - POST - /signup 
Wed May 08 2024 17:14:26 GMT+0530 (India Standard Time) - POST - /signup 
Wed May 08 2024 17:14:41 GMT+0530 (India Standard Time) - POST - /login 
Wed May 08 2024 18:01:27 GMT+0530 (India Standard Time) - GET - //user 
Wed May 08 2024 18:01:33 GMT+0530 (India Standard Time) - GET - /user 
Wed May 08 2024 18:21:44 GMT+0530 (India Standard Time) - POST - /signup 
Wed May 08 2024 22:57:04 GMT+0530 (India Standard Time) - POST - /signup 
Wed May 08 2024 22:58:15 GMT+0530 (India Standard Time) - POST - /signup 
Wed May 08 2024 22:59:16 GMT+0530 (India Standard Time) - POST - /signup 
Wed May 08 2024 23:00:51 GMT+0530 (India Standard Time) - POST - /signup 
Wed May 08 2024 23:01:11 GMT+0530 (India Standard Time) - POST - /signup 
Wed May 08 2024 23:02:50 GMT+0530 (India Standard Time) - GET - /user 
Thu May 09 2024 00:23:59 GMT+0530 (India Standard Time) - POST - /signup 
Thu May 09 2024 00:24:19 GMT+0530 (India Standard Time) - POST - /signup 
Thu May 09 2024 00:59:29 GMT+0530 (India Standard Time) - PUT - /profile 
Thu May 09 2024 00:59:33 GMT+0530 (India Standard Time) - PUT - /profile 
Thu May 09 2024 01:02:06 GMT+0530 (India Standard Time) - GET - /user 
Thu May 09 2024 01:10:58 GMT+0530 (India Standard Time) - POST - /login 
Thu May 09 2024 01:24:02 GMT+0530 (India Standard Time) - PUT - /profile 
Thu May 09 2024 01:24:41 GMT+0530 (India Standard Time) - PUT - /profile 
Thu May 09 2024 01:29:42 GMT+0530 (India Standard Time) - PUT - /profile 
Thu May 09 2024 01:29:53 GMT+0530 (India Standard Time) - PUT - /profile 
Thu May 09 2024 01:33:09 GMT+0530 (India Standard Time) - PUT - /profile 
Thu May 09 2024 01:34:07 GMT+0530 (India Standard Time) - PUT - /profile 
Thu May 09 2024 01:35:50 GMT+0530 (India Standard Time) - PUT - /profile 
Thu May 09 2024 10:01:56 GMT+0530 (India Standard Time) - POST - /profile/picture 
Thu May 09 2024 10:02:49 GMT+0530 (India Standard Time) - POST - /profile/picture 
Thu May 09 2024 10:02:50 GMT+0530 (India Standard Time) - POST - /profile/picture 
Thu May 09 2024 10:05:27 GMT+0530 (India Standard Time) - POST - /signup 
Thu May 09 2024 10:06:34 GMT+0530 (India Standard Time) - POST - /login 
Thu May 09 2024 10:07:23 GMT+0530 (India Standard Time) - PUT - /profile 
Thu May 09 2024 10:07:34 GMT+0530 (India Standard Time) - PUT - /profile 
Thu May 09 2024 10:08:56 GMT+0530 (India Standard Time) - PUT - /profile 
Thu May 09 2024 10:09:02 GMT+0530 (India Standard Time) - PUT - /profile 
Thu May 09 2024 10:09:04 GMT+0530 (India Standard Time) - PUT - /profile 
Thu May 09 2024 10:09:22 GMT+0530 (India Standard Time) - PUT - /profile 
Thu May 09 2024 10:10:33 GMT+0530 (India Standard Time) - POST - /profile/picture 
Thu May 09 2024 10:12:57 GMT+0530 (India Standard Time) - POST - /profile/picture 
Thu May 09 2024 10:13:04 GMT+0530 (India Standard Time) - POST - /profile/picture 
Thu May 09 2024 10:13:23 GMT+0530 (India Standard Time) - POST - /profile/picture 
Thu May 09 2024 10:21:04 GMT+0530 (India Standard Time) - POST - /profile/picture 
Thu May 09 2024 10:23:24 GMT+0530 (India Standard Time) - POST - /profile/picture 
Thu May 09 2024 10:24:32 GMT+0530 (India Standard Time) - POST - /profile/picture 
Thu May 09 2024 10:24:39 GMT+0530 (India Standard Time) - POST - /profile/picture 
Thu May 09 2024 10:27:35 GMT+0530 (India Standard Time) - POST - /profile/picture 
Thu May 09 2024 10:32:14 GMT+0530 (India Standard Time) - POST - /signup 
Thu May 09 2024 10:33:50 GMT+0530 (India Standard Time) - POST - /login 
Thu May 09 2024 10:35:43 GMT+0530 (India Standard Time) - PUT - /profile 
Thu May 09 2024 10:37:21 GMT+0530 (India Standard Time) - POST - /profile/picture 
Thu May 09 2024 11:39:23 GMT+0530 (India Standard Time) - POST - /communities 
Thu May 09 2024 11:40:21 GMT+0530 (India Standard Time) - POST - /communities 
Thu May 09 2024 11:51:44 GMT+0530 (India Standard Time) - POST - /communities 
Thu May 09 2024 12:01:55 GMT+0530 (India Standard Time) - DELETE - /admin/communities/:663c6b783d3da35878634538 
Thu May 09 2024 12:02:15 GMT+0530 (India Standard Time) - DELETE - /admin/communities/663c6b783d3da35878634538 
Thu May 09 2024 12:14:40 GMT+0530 (India Standard Time) - POST - /communities 
Thu May 09 2024 12:16:49 GMT+0530 (India Standard Time) - DELETE - /admin/communities/663c70d8b040df5d90e4884b 
Thu May 09 2024 12:17:50 GMT+0530 (India Standard Time) - DELETE - /admin/communities/663c70d8b040df5d90e4884b 
Thu May 09 2024 12:18:03 GMT+0530 (India Standard Time) - DELETE - /admin/communities/663c70d8b040df5d90e4884b 
Thu May 09 2024 12:18:05 GMT+0530 (India Standard Time) - DELETE - /admin/communities/663c70d8b040df5d90e4884b 
Thu May 09 2024 12:20:10 GMT+0530 (India Standard Time) - DELETE - /admin/communities/663c70d8b040df5d90e4884b 
Thu May 09 2024 12:21:47 GMT+0530 (India Standard Time) - DELETE - /admin/communities/663c70d8b040df5d90e4884b 
Thu May 09 2024 12:21:50 GMT+0530 (India Standard Time) - DELETE - /admin/communities/663c70d8b040df5d90e4884b 
Thu May 09 2024 12:23:36 GMT+0530 (India Standard Time) - DELETE - /admin/communities/663c70d8b040df5d90e4884b 
Thu May 09 2024 12:23:37 GMT+0530 (India Standard Time) - DELETE - /admin/communities/663c70d8b040df5d90e4884b 
Thu May 09 2024 12:23:50 GMT+0530 (India Standard Time) - DELETE - /admin/communities/663c70d8b040df5d90e4884b 
Thu May 09 2024 12:25:05 GMT+0530 (India Standard Time) - DELETE - /admin/communities/663c70d8b040df5d90e4884b 
Thu May 09 2024 12:25:16 GMT+0530 (India Standard Time) - DELETE - /admin/communities/663c70d8b040df5d90e4884b 
Thu May 09 2024 12:26:39 GMT+0530 (India Standard Time) - DELETE - /admin/communities/663c70d8b040df5d90e4884b 
Thu May 09 2024 12:28:54 GMT+0530 (India Standard Time) - DELETE - /admin/communities/663c70d8b040df5d90e4884b 
Thu May 09 2024 12:28:55 GMT+0530 (India Standard Time) - DELETE - /admin/communities/663c70d8b040df5d90e4884b 
Thu May 09 2024 12:32:21 GMT+0530 (India Standard Time) - POST - /signup 
Thu May 09 2024 12:33:01 GMT+0530 (India Standard Time) - POST - /login 
Thu May 09 2024 12:34:24 GMT+0530 (India Standard Time) - DELETE - /admin/communities/663c58d64ece5f3810b97ad9 
Thu May 09 2024 12:34:54 GMT+0530 (India Standard Time) - DELETE - /admin/communities/663c58d64ece5f3810b97ad9 
Thu May 09 2024 12:37:53 GMT+0530 (India Standard Time) - PUT - /profile 
Thu May 09 2024 12:40:19 GMT+0530 (India Standard Time) - POST - /profile/picture 
Thu May 09 2024 12:42:04 GMT+0530 (India Standard Time) - DELETE - /admin/communities/663c70d8b040df5d90e4884b 
Thu May 09 2024 13:42:28 GMT+0530 (India Standard Time) - DELETE - /admin/users/663c58d64ece5f3810b97ad9 
Thu May 09 2024 13:55:01 GMT+0530 (India Standard Time) - PUT - /admin/users/663c528ff4120f35700136a3 
Thu May 09 2024 13:56:58 GMT+0530 (India Standard Time) - PUT - /admin/users/663c528ff4120f35700136a3 
Thu May 09 2024 13:57:15 GMT+0530 (India Standard Time) - PUT - /admin/users/663c528ff4120f35700136a3 
Thu May 09 2024 13:59:10 GMT+0530 (India Standard Time) - PUT - /admin/users/663c528ff4120f35700136a3 
Thu May 09 2024 14:05:24 GMT+0530 (India Standard Time) - PUT - /admin/communities/663c6b783d3da35878634538 
Thu May 09 2024 17:29:15 GMT+0530 (India Standard Time) - PUT - /resources 
Thu May 09 2024 17:33:33 GMT+0530 (India Standard Time) - PUT - /resources 
Thu May 09 2024 17:33:34 GMT+0530 (India Standard Time) - PUT - /resources 
Thu May 09 2024 17:33:53 GMT+0530 (India Standard Time) - POST - /resources 
Thu May 09 2024 17:35:21 GMT+0530 (India Standard Time) - POST - /resources 
Thu May 09 2024 17:35:22 GMT+0530 (India Standard Time) - POST - /resources 
Thu May 09 2024 17:50:59 GMT+0530 (India Standard Time) - POST - /login 
Thu May 09 2024 17:52:18 GMT+0530 (India Standard Time) - POST - /login 
Thu May 09 2024 17:52:34 GMT+0530 (India Standard Time) - POST - /login 
Thu May 09 2024 17:52:36 GMT+0530 (India Standard Time) - POST - /login 
Thu May 09 2024 17:53:02 GMT+0530 (India Standard Time) - POST - /login 
Thu May 09 2024 17:53:22 GMT+0530 (India Standard Time) - POST - /login 
Thu May 09 2024 17:53:24 GMT+0530 (India Standard Time) - POST - /login 
Thu May 09 2024 17:53:38 GMT+0530 (India Standard Time) - POST - /login 
Thu May 09 2024 17:55:42 GMT+0530 (India Standard Time) - POST - /resources 
Thu May 09 2024 17:58:51 GMT+0530 (India Standard Time) - POST - /resources 
Thu May 09 2024 17:58:53 GMT+0530 (India Standard Time) - POST - /resources 
Thu May 09 2024 17:58:57 GMT+0530 (India Standard Time) - POST - /resources 
Thu May 09 2024 18:02:22 GMT+0530 (India Standard Time) - POST - /resources 
Thu May 09 2024 21:47:17 GMT+0530 (India Standard Time) - POST - /resources 
Thu May 09 2024 21:56:48 GMT+0530 (India Standard Time) - POST - //communities/663c68cd7ed7105654a66e90/join 
Thu May 09 2024 21:56:54 GMT+0530 (India Standard Time) - POST - /communities/663c68cd7ed7105654a66e90/join 
Thu May 09 2024 21:56:56 GMT+0530 (India Standard Time) - POST - /communities/663c68cd7ed7105654a66e90/join 
Thu May 09 2024 21:57:07 GMT+0530 (India Standard Time) - POST - /communities/663c68cd7ed7105654a66e90/join 
Thu May 09 2024 21:58:53 GMT+0530 (India Standard Time) - POST - //communities/:communityId/join 
Thu May 09 2024 21:59:13 GMT+0530 (India Standard Time) - POST - /communities/663c68cd7ed7105654a66e90/join 
Thu May 09 2024 21:59:16 GMT+0530 (India Standard Time) - POST - /communities/663c68cd7ed7105654a66e90/join 
Thu May 09 2024 22:00:33 GMT+0530 (India Standard Time) - POST - /login 
Thu May 09 2024 22:02:09 GMT+0530 (India Standard Time) - POST - //communities/663c68cd7ed7105654a66e90/join 
Thu May 09 2024 22:02:15 GMT+0530 (India Standard Time) - POST - /communities/663c68cd7ed7105654a66e90/join 
Thu May 09 2024 22:03:10 GMT+0530 (India Standard Time) - POST - /communities/663c68cd7ed7105654a66e90/join 
Thu May 09 2024 22:03:12 GMT+0530 (India Standard Time) - POST - /communities/663c68cd7ed7105654a66e90/join 
Thu May 09 2024 22:14:08 GMT+0530 (India Standard Time) - POST - /communities/663c68cd7ed7105654a66e90/join 
Thu May 09 2024 22:16:06 GMT+0530 (India Standard Time) - POST - /communities/663c68cd7ed7105654a66e9/join 
Thu May 09 2024 22:16:18 GMT+0530 (India Standard Time) - POST - /communities/663c68cd7ed7105654a66e91/join 
Thu May 09 2024 22:16:25 GMT+0530 (India Standard Time) - POST - /communities/663c68cd7ed7105654a66e90/join 
Fri May 10 2024 09:45:52 GMT+0530 (India Standard Time) - POST - /signup 
Fri May 10 2024 09:47:13 GMT+0530 (India Standard Time) - POST - /signup 
Fri May 10 2024 11:15:48 GMT+0530 (India Standard Time) - POST - /signup 
Fri May 10 2024 11:16:22 GMT+0530 (India Standard Time) - POST - /signup 
Fri May 10 2024 11:55:01 GMT+0530 (India Standard Time) - POST - /login 
Fri May 10 2024 11:56:23 GMT+0530 (India Standard Time) - PUT - /profile 
Fri May 10 2024 11:57:07 GMT+0530 (India Standard Time) - PUT - /profile 
Fri May 10 2024 11:57:12 GMT+0530 (India Standard Time) - PUT - /profile 
Fri May 10 2024 11:57:26 GMT+0530 (India Standard Time) - PUT - /profile 
Fri May 10 2024 11:57:52 GMT+0530 (India Standard Time) - PUT - /profile 
Fri May 10 2024 11:57:53 GMT+0530 (India Standard Time) - PUT - /profile 
Fri May 10 2024 11:58:38 GMT+0530 (India Standard Time) - PUT - /profile 
Fri May 10 2024 11:59:24 GMT+0530 (India Standard Time) - POST - /profile/picture 
Fri May 10 2024 11:59:54 GMT+0530 (India Standard Time) - DELETE - /profile/hsgts 
Fri May 10 2024 12:00:43 GMT+0530 (India Standard Time) - DELETE - /communities 
Fri May 10 2024 12:00:44 GMT+0530 (India Standard Time) - DELETE - /communities 
Fri May 10 2024 12:00:48 GMT+0530 (India Standard Time) - POST - /communities 
Fri May 10 2024 12:01:46 GMT+0530 (India Standard Time) - POST - /communities 
Fri May 10 2024 12:02:59 GMT+0530 (India Standard Time) - DELETE - /communities/663dbf520a4b7044acb58376 
Fri May 10 2024 12:03:17 GMT+0530 (India Standard Time) - DELETE - /communities/663dbf520a4b7044acb58376 
Fri May 10 2024 12:03:19 GMT+0530 (India Standard Time) - DELETE - /communities/663dbf520a4b7044acb58376 
Fri May 10 2024 12:03:25 GMT+0530 (India Standard Time) - DELETE - /admin/communities/663dbf520a4b7044acb58376 
Fri May 10 2024 12:04:09 GMT+0530 (India Standard Time) - POST - /resourcs 
Fri May 10 2024 12:04:20 GMT+0530 (India Standard Time) - POST - /resources 
Fri May 10 2024 12:06:23 GMT+0530 (India Standard Time) - POST - /communities/:communityId/join 
Fri May 10 2024 12:06:48 GMT+0530 (India Standard Time) - POST - /communities/663c96c07b49292834e285e0/join 
Fri May 10 2024 12:10:05 GMT+0530 (India Standard Time) - POST - /resources 
Fri May 10 2024 12:10:58 GMT+0530 (India Standard Time) - POST - /resources 
Fri May 10 2024 14:06:36 GMT+0530 (India Standard Time) - POST - /signup 
Fri May 10 2024 14:10:13 GMT+0530 (India Standard Time) - POST - /signup 
Fri May 10 2024 14:10:46 GMT+0530 (India Standard Time) - POST - /login 
Fri May 10 2024 14:12:13 GMT+0530 (India Standard Time) - POST - /login 
Fri May 10 2024 14:12:14 GMT+0530 (India Standard Time) - POST - /login 
Fri May 10 2024 14:12:31 GMT+0530 (India Standard Time) - POST - /login 
Fri May 10 2024 14:12:32 GMT+0530 (India Standard Time) - POST - /login 
Fri May 10 2024 14:13:19 GMT+0530 (India Standard Time) - POST - /login 
Fri May 10 2024 14:14:45 GMT+0530 (India Standard Time) - POST - /signup 
Fri May 10 2024 14:15:31 GMT+0530 (India Standard Time) - POST - /signup 
Fri May 10 2024 14:16:43 GMT+0530 (India Standard Time) - POST - /signup 
Fri May 10 2024 14:16:49 GMT+0530 (India Standard Time) - POST - /login 
Fri May 10 2024 14:17:30 GMT+0530 (India Standard Time) - PUT - /profile 
Fri May 10 2024 14:18:16 GMT+0530 (India Standard Time) - PUT - /profile 
Fri May 10 2024 14:18:48 GMT+0530 (India Standard Time) - POST - /signup 
Fri May 10 2024 14:19:58 GMT+0530 (India Standard Time) - POST - /signup 
Fri May 10 2024 14:20:34 GMT+0530 (India Standard Time) - POST - /signup 
Fri May 10 2024 14:21:00 GMT+0530 (India Standard Time) - POST - /login 
Fri May 10 2024 14:21:33 GMT+0530 (India Standard Time) - GET - /resources 
Fri May 10 2024 14:21:34 GMT+0530 (India Standard Time) - GET - /resources 
Fri May 10 2024 14:22:42 GMT+0530 (India Standard Time) - POST - /resources 
Fri May 10 2024 14:23:28 GMT+0530 (India Standard Time) - PUT - /profile 
Fri May 10 2024 14:24:22 GMT+0530 (India Standard Time) - PUT - /profile 
Fri May 10 2024 14:24:41 GMT+0530 (India Standard Time) - PUT - /profile 
Fri May 10 2024 14:25:07 GMT+0530 (India Standard Time) - PUT - /profile 
Fri May 10 2024 14:25:43 GMT+0530 (India Standard Time) - POST - /profile/picture 
Fri May 10 2024 14:26:13 GMT+0530 (India Standard Time) - POST - /profile/picture 
Fri May 10 2024 14:26:29 GMT+0530 (India Standard Time) - POST - /profile/picture 
Fri May 10 2024 14:26:35 GMT+0530 (India Standard Time) - POST - /profile/picture 
Fri May 10 2024 14:27:31 GMT+0530 (India Standard Time) - POST - /profile/picture 
Fri May 10 2024 14:28:02 GMT+0530 (India Standard Time) - POST - /profile/picture 
Fri May 10 2024 14:29:50 GMT+0530 (India Standard Time) - POST - /profile/picture 
Fri May 10 2024 14:30:35 GMT+0530 (India Standard Time) - POST - /communities 
Fri May 10 2024 14:31:24 GMT+0530 (India Standard Time) - POST - /communities 
Fri May 10 2024 14:32:32 GMT+0530 (India Standard Time) - GET - /communities/663de26402892256e49e4ca8/join 
Fri May 10 2024 14:32:36 GMT+0530 (India Standard Time) - POST - /communities/663de26402892256e49e4ca8/join 
Fri May 10 2024 14:33:56 GMT+0530 (India Standard Time) - POST - /communities/663de26402892256e49e4ca8/join 
Fri May 10 2024 14:36:43 GMT+0530 (India Standard Time) - GET - /login 
Fri May 10 2024 14:37:10 GMT+0530 (India Standard Time) - GET - /login 
Fri May 10 2024 14:37:20 GMT+0530 (India Standard Time) - POST - /login 
Sun May 12 2024 20:42:23 GMT+0530 (India Standard Time) - POST - /signup 
Sun May 12 2024 20:42:41 GMT+0530 (India Standard Time) - POST - /login 
Sun May 12 2024 20:43:20 GMT+0530 (India Standard Time) - PUT - /profile 
Sun May 12 2024 20:44:04 GMT+0530 (India Standard Time) - PUT - /profile 
Fri May 24 2024 15:37:16 GMT+0530 (India Standard Time) - GET - /users 
Fri May 24 2024 15:37:16 GMT+0530 (India Standard Time) - GET - /favicon.ico 
Fri May 24 2024 15:37:23 GMT+0530 (India Standard Time) - GET - / 
Fri May 24 2024 15:37:25 GMT+0530 (India Standard Time) - GET - / 
Fri May 24 2024 15:37:26 GMT+0530 (India Standard Time) - GET - / 
Fri May 24 2024 15:59:19 GMT+0530 (India Standard Time) - OPTIONS - /signup 
Fri May 24 2024 15:59:25 GMT+0530 (India Standard Time) - OPTIONS - /signup 
Fri May 24 2024 16:00:31 GMT+0530 (India Standard Time) - OPTIONS - /signup 
Fri May 24 2024 16:03:15 GMT+0530 (India Standard Time) - OPTIONS - /signup 
Fri May 24 2024 16:04:56 GMT+0530 (India Standard Time) - OPTIONS - /signup 
Fri May 24 2024 16:08:38 GMT+0530 (India Standard Time) - POST - /signup 
Fri May 24 2024 16:09:03 GMT+0530 (India Standard Time) - POST - /signup 
Fri May 24 2024 16:09:50 GMT+0530 (India Standard Time) - POST - /login 
Fri May 24 2024 16:10:02 GMT+0530 (India Standard Time) - POST - /login 
Fri May 24 2024 16:10:06 GMT+0530 (India Standard Time) - POST - /login 
Fri May 24 2024 16:11:24 GMT+0530 (India Standard Time) - POST - /login 
Fri May 24 2024 16:11:38 GMT+0530 (India Standard Time) - POST - /login 
Fri May 24 2024 16:38:05 GMT+0530 (India Standard Time) - POST - /signup 
Fri May 24 2024 16:38:26 GMT+0530 (India Standard Time) - POST - /login 
Fri May 24 2024 17:11:02 GMT+0530 (India Standard Time) - POST - /login 
Fri May 24 2024 17:21:25 GMT+0530 (India Standard Time) - POST - /login 
Mon May 27 2024 09:31:43 GMT+0530 (India Standard Time) - POST - /signup 
Mon May 27 2024 09:32:04 GMT+0530 (India Standard Time) - POST - /login 
Mon May 27 2024 14:43:27 GMT+0530 (India Standard Time) - POST - /login 
Mon May 27 2024 15:11:50 GMT+0530 (India Standard Time) - POST - /login 
Mon May 27 2024 15:23:47 GMT+0530 (India Standard Time) - PUT - /profile 
Mon May 27 2024 15:27:01 GMT+0530 (India Standard Time) - PUT - /profile 
Mon May 27 2024 15:32:59 GMT+0530 (India Standard Time) - PUT - /profile 
Mon May 27 2024 15:36:14 GMT+0530 (India Standard Time) - PUT - /profile 
Mon May 27 2024 15:36:17 GMT+0530 (India Standard Time) - PUT - /profile 
Mon May 27 2024 15:42:59 GMT+0530 (India Standard Time) - PUT - /profile 
Mon May 27 2024 15:43:04 GMT+0530 (India Standard Time) - POST - /profile 
Mon May 27 2024 15:43:06 GMT+0530 (India Standard Time) - PUT - /profile 
Mon May 27 2024 15:49:12 GMT+0530 (India Standard Time) - PUT - /profile 
Mon May 27 2024 15:49:13 GMT+0530 (India Standard Time) - PUT - /profile 
Mon May 27 2024 16:04:09 GMT+0530 (India Standard Time) - PUT - /profile 
Mon May 27 2024 16:04:11 GMT+0530 (India Standard Time) - PUT - /profile 
Mon May 27 2024 16:04:12 GMT+0530 (India Standard Time) - PUT - /profile 
Mon May 27 2024 16:04:25 GMT+0530 (India Standard Time) - POST - /profile 
Mon May 27 2024 16:04:26 GMT+0530 (India Standard Time) - POST - /profile 
Mon May 27 2024 16:04:26 GMT+0530 (India Standard Time) - POST - /profile 
Mon May 27 2024 16:04:26 GMT+0530 (India Standard Time) - POST - /profile 
Mon May 27 2024 16:04:28 GMT+0530 (India Standard Time) - PUT - /profile 
Mon May 27 2024 16:04:28 GMT+0530 (India Standard Time) - PUT - /profile 
Mon May 27 2024 16:06:17 GMT+0530 (India Standard Time) - PUT - /profile 
Mon May 27 2024 16:06:18 GMT+0530 (India Standard Time) - PUT - /profile 
Mon May 27 2024 16:06:19 GMT+0530 (India Standard Time) - PUT - /profile 
Mon May 27 2024 16:06:20 GMT+0530 (India Standard Time) - POST - /profile/picture 
Mon May 27 2024 16:06:21 GMT+0530 (India Standard Time) - POST - /profile/picture 
Mon May 27 2024 16:09:31 GMT+0530 (India Standard Time) - POST - /profile/picture 
Mon May 27 2024 16:09:32 GMT+0530 (India Standard Time) - POST - /profile/picture 
Mon May 27 2024 16:09:32 GMT+0530 (India Standard Time) - POST - /profile/picture 
Mon May 27 2024 16:15:35 GMT+0530 (India Standard Time) - PUT - /profile 
Mon May 27 2024 16:15:35 GMT+0530 (India Standard Time) - PUT - /profile 
Mon May 27 2024 16:15:36 GMT+0530 (India Standard Time) - PUT - /profile 
Mon May 27 2024 16:19:43 GMT+0530 (India Standard Time) - PUT - /profile 
Mon May 27 2024 16:19:43 GMT+0530 (India Standard Time) - PUT - /profile 
Mon May 27 2024 16:19:43 GMT+0530 (India Standard Time) - PUT - /profile 
Mon May 27 2024 16:20:02 GMT+0530 (India Standard Time) - PUT - /profile 
Mon May 27 2024 16:20:04 GMT+0530 (India Standard Time) - POST - /profile/picture 
Mon May 27 2024 16:20:05 GMT+0530 (India Standard Time) - POST - /profile/picture 
Mon May 27 2024 16:35:37 GMT+0530 (India Standard Time) - PUT - /profile 
Mon May 27 2024 16:35:50 GMT+0530 (India Standard Time) - PUT - /profile 
Mon May 27 2024 16:35:51 GMT+0530 (India Standard Time) - PUT - /profile 
Mon May 27 2024 16:35:51 GMT+0530 (India Standard Time) - PUT - /profile 
Mon May 27 2024 16:35:51 GMT+0530 (India Standard Time) - PUT - /profile 
Mon May 27 2024 16:35:51 GMT+0530 (India Standard Time) - PUT - /profile 
Mon May 27 2024 16:35:52 GMT+0530 (India Standard Time) - POST - /profile/picture 
Mon May 27 2024 16:35:53 GMT+0530 (India Standard Time) - POST - /profile/picture 
Mon May 27 2024 16:35:53 GMT+0530 (India Standard Time) - POST - /profile/picture 
Mon May 27 2024 16:35:54 GMT+0530 (India Standard Time) - POST - /profile/picture 
Mon May 27 2024 16:35:55 GMT+0530 (India Standard Time) - POST - /profile/picture 
Mon May 27 2024 16:35:55 GMT+0530 (India Standard Time) - POST - /profile/picture 
Mon May 27 2024 16:35:55 GMT+0530 (India Standard Time) - POST - /profile/picture 
Mon May 27 2024 16:35:57 GMT+0530 (India Standard Time) - PUT - /profile 
Mon May 27 2024 16:35:58 GMT+0530 (India Standard Time) - PUT - /profile 
Mon May 27 2024 16:35:58 GMT+0530 (India Standard Time) - PUT - /profile 
Mon May 27 2024 16:35:58 GMT+0530 (India Standard Time) - PUT - /profile 
Mon May 27 2024 16:35:58 GMT+0530 (India Standard Time) - PUT - /profile 
Mon May 27 2024 16:39:05 GMT+0530 (India Standard Time) - PUT - /profile 
Mon May 27 2024 16:39:06 GMT+0530 (India Standard Time) - PUT - /profile 
Mon May 27 2024 16:39:07 GMT+0530 (India Standard Time) - PUT - /profile 
Mon May 27 2024 16:39:07 GMT+0530 (India Standard Time) - PUT - /profile 
Mon May 27 2024 16:41:02 GMT+0530 (India Standard Time) - PUT - /profile 
Mon May 27 2024 16:41:03 GMT+0530 (India Standard Time) - PUT - /profile 
Mon May 27 2024 16:41:04 GMT+0530 (India Standard Time) - PUT - /profile 
Mon May 27 2024 16:41:35 GMT+0530 (India Standard Time) - PUT - /profile 
Mon May 27 2024 16:41:44 GMT+0530 (India Standard Time) - PUT - /profile 
Mon May 27 2024 16:41:52 GMT+0530 (India Standard Time) - PUT - /profile 
Mon May 27 2024 16:41:53 GMT+0530 (India Standard Time) - POST - /profile/picture 
Mon May 27 2024 16:42:16 GMT+0530 (India Standard Time) - PUT - /profile 
Mon May 27 2024 16:42:16 GMT+0530 (India Standard Time) - PUT - /profile 
Mon May 27 2024 16:42:17 GMT+0530 (India Standard Time) - PUT - /profile 
Mon May 27 2024 16:42:50 GMT+0530 (India Standard Time) - PUT - /profile 
Mon May 27 2024 16:42:57 GMT+0530 (India Standard Time) - POST - /profile/picture 
Mon May 27 2024 16:44:33 GMT+0530 (India Standard Time) - PUT - /profile 
Tue May 28 2024 09:37:11 GMT+0530 (India Standard Time) - POST - /login 
Tue May 28 2024 09:42:56 GMT+0530 (India Standard Time) - GET - /signup 
Tue May 28 2024 09:43:01 GMT+0530 (India Standard Time) - GET - /profile 
Tue May 28 2024 09:43:17 GMT+0530 (India Standard Time) - GET - /profile 
Tue May 28 2024 09:43:17 GMT+0530 (India Standard Time) - GET - /profile 
Tue May 28 2024 09:46:08 GMT+0530 (India Standard Time) - GET - /profile 
Tue May 28 2024 09:46:08 GMT+0530 (India Standard Time) - GET - /favicon.ico 
Tue May 28 2024 09:46:11 GMT+0530 (India Standard Time) - GET - /profile 
Tue May 28 2024 09:46:13 GMT+0530 (India Standard Time) - GET - /profile 
Tue May 28 2024 09:46:23 GMT+0530 (India Standard Time) - PUT - /profile 
Tue May 28 2024 09:46:23 GMT+0530 (India Standard Time) - PUT - /profile 
Tue May 28 2024 09:47:06 GMT+0530 (India Standard Time) - PUT - /profile 
Tue May 28 2024 09:47:07 GMT+0530 (India Standard Time) - PUT - /profile 
Tue May 28 2024 09:47:09 GMT+0530 (India Standard Time) - PUT - /profile 
Tue May 28 2024 09:47:17 GMT+0530 (India Standard Time) - PUT - /profile 
Tue May 28 2024 09:47:19 GMT+0530 (India Standard Time) - PUT - /profile 
Tue May 28 2024 09:47:31 GMT+0530 (India Standard Time) - PUT - /profile 
Tue May 28 2024 09:47:40 GMT+0530 (India Standard Time) - PUT - /profile 
Tue May 28 2024 09:48:23 GMT+0530 (India Standard Time) - PUT - /profile 
Tue May 28 2024 09:48:31 GMT+0530 (India Standard Time) - PUT - /profile 
Tue May 28 2024 09:49:40 GMT+0530 (India Standard Time) - PUT - /profile 
Tue May 28 2024 10:07:21 GMT+0530 (India Standard Time) - PUT - /profile 
Tue May 28 2024 10:07:23 GMT+0530 (India Standard Time) - PUT - /profile 
Tue May 28 2024 10:07:23 GMT+0530 (India Standard Time) - PUT - /profile 
Tue May 28 2024 10:07:25 GMT+0530 (India Standard Time) - PUT - /profile 
Tue May 28 2024 10:07:37 GMT+0530 (India Standard Time) - PUT - /profile 
Tue May 28 2024 10:08:37 GMT+0530 (India Standard Time) - POST - /profile 
Tue May 28 2024 10:08:44 GMT+0530 (India Standard Time) - POST - /profile 
Tue May 28 2024 10:08:44 GMT+0530 (India Standard Time) - POST - /profile 
Tue May 28 2024 10:08:54 GMT+0530 (India Standard Time) - PUT - /profile 
Tue May 28 2024 10:25:40 GMT+0530 (India Standard Time) - POST - /profile/picture 
Tue May 28 2024 10:26:29 GMT+0530 (India Standard Time) - POST - /profile 
Tue May 28 2024 10:26:29 GMT+0530 (India Standard Time) - POST - /profile 
Tue May 28 2024 10:26:35 GMT+0530 (India Standard Time) - PUT - /profile 
Tue May 28 2024 10:30:37 GMT+0530 (India Standard Time) - PUT - /profile 
Tue May 28 2024 10:30:46 GMT+0530 (India Standard Time) - PUT - /profile 
Tue May 28 2024 10:33:01 GMT+0530 (India Standard Time) - POST - /signup 
Tue May 28 2024 10:33:20 GMT+0530 (India Standard Time) - POST - /signup 
Tue May 28 2024 10:33:20 GMT+0530 (India Standard Time) - POST - /signup 
Tue May 28 2024 10:33:45 GMT+0530 (India Standard Time) - POST - /login 
Tue May 28 2024 10:33:55 GMT+0530 (India Standard Time) - POST - /profile 
Tue May 28 2024 10:33:55 GMT+0530 (India Standard Time) - POST - /profile 
Tue May 28 2024 10:34:03 GMT+0530 (India Standard Time) - PUT - /profile 
Tue May 28 2024 10:34:10 GMT+0530 (India Standard Time) - PUT - /profile 
Tue May 28 2024 12:31:29 GMT+0530 (India Standard Time) - POST - /profile 
Tue May 28 2024 12:31:29 GMT+0530 (India Standard Time) - POST - /profile 
Tue May 28 2024 12:32:27 GMT+0530 (India Standard Time) - PUT - /profile 
Tue May 28 2024 12:32:28 GMT+0530 (India Standard Time) - POST - /profile/picture 
Tue May 28 2024 12:34:56 GMT+0530 (India Standard Time) - POST - /profile 
Tue May 28 2024 12:34:56 GMT+0530 (India Standard Time) - POST - /profile 
Tue May 28 2024 12:35:05 GMT+0530 (India Standard Time) - PUT - /profile 
Tue May 28 2024 12:39:19 GMT+0530 (India Standard Time) - PUT - /profile 
Tue May 28 2024 12:41:36 GMT+0530 (India Standard Time) - POST - /profile 
Tue May 28 2024 12:41:36 GMT+0530 (India Standard Time) - POST - /profile 
Tue May 28 2024 12:42:57 GMT+0530 (India Standard Time) - POST - /login 
Tue May 28 2024 15:00:14 GMT+0530 (India Standard Time) - POST - /login 
